<?xml version="1.0" encoding="UTF-8" ?>
<testsuite errors="0" failures="2" hostname="MCHUBA01" name="com.wm.ps.test.WmTestSuite [MedTestSuiteDemo]" skipped="0" tests="5" time="0.343" timestamp="2018-01-29T17:18:37">
  <properties>
[...]
</properties>
  <testcase classname="com.wm.ps.test.WmTestCase" name="P1_Success_00001" time="0.1" />
  <testcase classname="com.wm.ps.test.WmTestCase" name="P2_Fail_00001" time="0.032">
    <failure message="result :Expected and actual objects don&apos;t match.: expected &lt;60&gt; but was &lt;50&gt;" type="junit.framework.AssertionFailedError">junit.framework.AssertionFailedError: result :Expected and actual objects don&apos;t match.: expected &lt;60&gt; but was &lt;50&gt;
	at com.wm.ps.test.WmAssert.assertIDataEquals(WmAssert.java:161)
	at com.wm.ps.test.WmAssert.assertEquals(WmAssert.java:71)
	at com.wm.ps.test.DefaultResultsValidator.assertValid(DefaultResultsValidator.java:163)
	at com.wm.ps.test.WmTestCase.runInvoke(WmTestCase.java:1135)
	at com.wm.ps.test.WmTestCase.runTest(WmTestCase.java:1045)
</failure>
  </testcase>
  <testcase classname="com.wm.ps.test.WmTestCase" name="P1_Success_Greetings_0001" time="0.008" />
  <testcase classname="com.wm.ps.test.WmTestCase" name="P1_Success_Greetings_Mock_0001" time="0.14" />
  <testcase classname="com.wm.ps.test.WmTestCase" name="P1_Fail_Greetings_Mock_0001" time="0.04">
    <failure message="completeMessage :Expected and actual objects don&apos;t match.: expected &lt;Hi Hukam&gt; but was &lt;Hi SoftwareAG&gt;" type="junit.framework.AssertionFailedError">junit.framework.AssertionFailedError: completeMessage :Expected and actual objects don&apos;t match.: expected &lt;Hi Hukam&gt; but was &lt;Hi SoftwareAG&gt;
	at com.wm.ps.test.WmAssert.assertIDataEquals(WmAssert.java:161)
	at com.wm.ps.test.WmAssert.assertEquals(WmAssert.java:71)
	at com.wm.ps.test.DefaultResultsValidator.assertValid(DefaultResultsValidator.java:163)
	at com.wm.ps.test.WmTestCase.runInvoke(WmTestCase.java:1135)
	at com.wm.ps.test.WmTestCase.runTest(WmTestCase.java:1045)
</failure>
  </testcase>
  <system-out><![CDATA[]]></system-out>
  <system-err><![CDATA[]]></system-err>
</testsuite>
